<?xml version="1.0" encoding="UTF-8"?>
<testsuite xmlns:xsi="http://www.w3.org/2001/XMLSchema-instance" xsi:noNamespaceSchemaLocation="https://maven.apache.org/surefire/maven-surefire-plugin/xsd/surefire-test-report.xsd" version="3.0.2" name="com.example.QbankTest" time="0.847" tests="1" errors="0" skipped="0" failures="0">
  <properties>
    <property name="java.specification.version" value="21"/>
    <property name="sun.cpu.isalist" value="amd64"/>
    <property name="sun.jnu.encoding" value="Cp1252"/>
    <property name="java.class.path" value="C:\Users\Pichau\OneDrive\Área de Trabalho\Faculdade\Qbank\target\test-classes;C:\Users\Pichau\OneDrive\Área de Trabalho\Faculdade\Qbank\target\classes;C:\Users\Pichau\.m2\repository\io\micronaut\micronaut-http-server-netty\4.6.6\micronaut-http-server-netty-4.6.6.jar;C:\Users\Pichau\.m2\repository\org\slf4j\slf4j-api\2.0.16\slf4j-api-2.0.16.jar;C:\Users\Pichau\.m2\repository\io\micronaut\micronaut-http-server\4.6.6\micronaut-http-server-4.6.6.jar;C:\Users\Pichau\.m2\repository\io\micronaut\micronaut-http\4.6.6\micronaut-http-4.6.6.jar;C:\Users\Pichau\.m2\repository\io\micronaut\micronaut-core-reactive\4.6.6\micronaut-core-reactive-4.6.6.jar;C:\Users\Pichau\.m2\repository\io\micronaut\micronaut-context-propagation\4.6.6\micronaut-context-propagation-4.6.6.jar;C:\Users\Pichau\.m2\repository\io\micronaut\micronaut-router\4.6.6\micronaut-router-4.6.6.jar;C:\Users\Pichau\.m2\repository\io\micronaut\micronaut-core\4.6.6\micronaut-core-4.6.6.jar;C:\Users\Pichau\.m2\repository\io\micronaut\micronaut-http-netty\4.6.6\micronaut-http-netty-4.6.6.jar;C:\Users\Pichau\.m2\repository\io\micronaut\micronaut-buffer-netty\4.6.6\micronaut-buffer-netty-4.6.6.jar;C:\Users\Pichau\.m2\repository\io\netty\netty-codec-http2\4.1.113.Final\netty-codec-http2-4.1.113.Final.jar;C:\Users\Pichau\.m2\repository\io\netty\netty-handler\4.1.113.Final\netty-handler-4.1.113.Final.jar;C:\Users\Pichau\.m2\repository\io\netty\netty-resolver\4.1.113.Final\netty-resolver-4.1.113.Final.jar;C:\Users\Pichau\.m2\repository\io\netty\netty-transport-native-unix-common\4.1.113.Final\netty-transport-native-unix-common-4.1.113.Final.jar;C:\Users\Pichau\.m2\repository\io\netty\netty-codec-http\4.1.113.Final\netty-codec-http-4.1.113.Final.jar;C:\Users\Pichau\.m2\repository\io\netty\netty-common\4.1.113.Final\netty-common-4.1.113.Final.jar;C:\Users\Pichau\.m2\repository\io\netty\netty-buffer\4.1.113.Final\netty-buffer-4.1.113.Final.jar;C:\Users\Pichau\.m2\repository\io\netty\netty-transport\4.1.113.Final\netty-transport-4.1.113.Final.jar;C:\Users\Pichau\.m2\repository\io\netty\netty-codec\4.1.113.Final\netty-codec-4.1.113.Final.jar;C:\Users\Pichau\.m2\repository\io\projectreactor\reactor-core\3.6.9\reactor-core-3.6.9.jar;C:\Users\Pichau\.m2\repository\org\reactivestreams\reactive-streams\1.0.4\reactive-streams-1.0.4.jar;C:\Users\Pichau\.m2\repository\io\micronaut\serde\micronaut-serde-jackson\2.11.0\micronaut-serde-jackson-2.11.0.jar;C:\Users\Pichau\.m2\repository\io\micronaut\micronaut-inject\4.6.6\micronaut-inject-4.6.6.jar;C:\Users\Pichau\.m2\repository\jakarta\inject\jakarta.inject-api\2.0.1\jakarta.inject-api-2.0.1.jar;C:\Users\Pichau\.m2\repository\jakarta\annotation\jakarta.annotation-api\2.1.1\jakarta.annotation-api-2.1.1.jar;C:\Users\Pichau\.m2\repository\io\micronaut\micronaut-jackson-core\4.6.6\micronaut-jackson-core-4.6.6.jar;C:\Users\Pichau\.m2\repository\io\micronaut\micronaut-json-core\4.6.6\micronaut-json-core-4.6.6.jar;C:\Users\Pichau\.m2\repository\com\fasterxml\jackson\core\jackson-core\2.17.2\jackson-core-2.17.2.jar;C:\Users\Pichau\.m2\repository\com\fasterxml\jackson\core\jackson-annotations\2.17.2\jackson-annotations-2.17.2.jar;C:\Users\Pichau\.m2\repository\io\micronaut\micronaut-context\4.6.6\micronaut-context-4.6.6.jar;C:\Users\Pichau\.m2\repository\io\micronaut\micronaut-aop\4.6.6\micronaut-aop-4.6.6.jar;C:\Users\Pichau\.m2\repository\io\micronaut\serde\micronaut-serde-api\2.11.0\micronaut-serde-api-2.11.0.jar;C:\Users\Pichau\.m2\repository\io\micronaut\serde\micronaut-serde-support\2.11.0\micronaut-serde-support-2.11.0.jar;C:\Users\Pichau\.m2\repository\ch\qos\logback\logback-classic\1.5.7\logback-classic-1.5.7.jar;C:\Users\Pichau\.m2\repository\ch\qos\logback\logback-core\1.5.7\logback-core-1.5.7.jar;C:\Users\Pichau\.m2\repository\io\micronaut\micronaut-http-client\4.6.6\micronaut-http-client-4.6.6.jar;C:\Users\Pichau\.m2\repository\io\micronaut\micronaut-http-client-core\4.6.6\micronaut-http-client-core-4.6.6.jar;C:\Users\Pichau\.m2\repository\io\micronaut\micronaut-discovery-core\4.6.6\micronaut-discovery-core-4.6.6.jar;C:\Users\Pichau\.m2\repository\io\micronaut\micronaut-websocket\4.6.6\micronaut-websocket-4.6.6.jar;C:\Users\Pichau\.m2\repository\io\netty\netty-handler-proxy\4.1.113.Final\netty-handler-proxy-4.1.113.Final.jar;C:\Users\Pichau\.m2\repository\io\netty\netty-codec-socks\4.1.113.Final\netty-codec-socks-4.1.113.Final.jar;C:\Users\Pichau\.m2\repository\io\micronaut\test\micronaut-test-junit5\4.5.0\micronaut-test-junit5-4.5.0.jar;C:\Users\Pichau\.m2\repository\io\micronaut\test\micronaut-test-core\4.5.0\micronaut-test-core-4.5.0.jar;C:\Users\Pichau\.m2\repository\org\junit\jupiter\junit-jupiter-api\5.11.0\junit-jupiter-api-5.11.0.jar;C:\Users\Pichau\.m2\repository\org\opentest4j\opentest4j\1.3.0\opentest4j-1.3.0.jar;C:\Users\Pichau\.m2\repository\org\junit\platform\junit-platform-commons\1.11.0\junit-platform-commons-1.11.0.jar;C:\Users\Pichau\.m2\repository\org\apiguardian\apiguardian-api\1.1.2\apiguardian-api-1.1.2.jar;C:\Users\Pichau\.m2\repository\org\junit\jupiter\junit-jupiter-engine\5.11.0\junit-jupiter-engine-5.11.0.jar;C:\Users\Pichau\.m2\repository\org\junit\platform\junit-platform-engine\1.11.0\junit-platform-engine-1.11.0.jar;"/>
    <property name="java.vm.vendor" value="Oracle Corporation"/>
    <property name="sun.arch.data.model" value="64"/>
    <property name="user.variant" value=""/>
    <property name="java.vendor.url" value="https://java.oracle.com/"/>
    <property name="user.timezone" value="America/Sao_Paulo"/>
    <property name="os.name" value="Windows 10"/>
    <property name="java.vm.specification.version" value="21"/>
    <property name="sun.java.launcher" value="SUN_STANDARD"/>
    <property name="user.country" value="BR"/>
    <property name="sun.boot.library.path" value="C:\Program Files\Java\jdk-21\bin"/>
    <property name="sun.java.command" value="C:\Users\Pichau\AppData\Local\Temp\surefire15013780512228889227\surefirebooter-20241108122817809_3.jar C:\Users\Pichau\AppData\Local\Temp\surefire15013780512228889227 2024-11-08T12-28-17_406-jvmRun1 surefire-20241108122817809_1tmp surefire_0-20241108122817809_2tmp"/>
    <property name="jdk.debug" value="release"/>
    <property name="surefire.test.class.path" value="C:\Users\Pichau\OneDrive\Área de Trabalho\Faculdade\Qbank\target\test-classes;C:\Users\Pichau\OneDrive\Área de Trabalho\Faculdade\Qbank\target\classes;C:\Users\Pichau\.m2\repository\io\micronaut\micronaut-http-server-netty\4.6.6\micronaut-http-server-netty-4.6.6.jar;C:\Users\Pichau\.m2\repository\org\slf4j\slf4j-api\2.0.16\slf4j-api-2.0.16.jar;C:\Users\Pichau\.m2\repository\io\micronaut\micronaut-http-server\4.6.6\micronaut-http-server-4.6.6.jar;C:\Users\Pichau\.m2\repository\io\micronaut\micronaut-http\4.6.6\micronaut-http-4.6.6.jar;C:\Users\Pichau\.m2\repository\io\micronaut\micronaut-core-reactive\4.6.6\micronaut-core-reactive-4.6.6.jar;C:\Users\Pichau\.m2\repository\io\micronaut\micronaut-context-propagation\4.6.6\micronaut-context-propagation-4.6.6.jar;C:\Users\Pichau\.m2\repository\io\micronaut\micronaut-router\4.6.6\micronaut-router-4.6.6.jar;C:\Users\Pichau\.m2\repository\io\micronaut\micronaut-core\4.6.6\micronaut-core-4.6.6.jar;C:\Users\Pichau\.m2\repository\io\micronaut\micronaut-http-netty\4.6.6\micronaut-http-netty-4.6.6.jar;C:\Users\Pichau\.m2\repository\io\micronaut\micronaut-buffer-netty\4.6.6\micronaut-buffer-netty-4.6.6.jar;C:\Users\Pichau\.m2\repository\io\netty\netty-codec-http2\4.1.113.Final\netty-codec-http2-4.1.113.Final.jar;C:\Users\Pichau\.m2\repository\io\netty\netty-handler\4.1.113.Final\netty-handler-4.1.113.Final.jar;C:\Users\Pichau\.m2\repository\io\netty\netty-resolver\4.1.113.Final\netty-resolver-4.1.113.Final.jar;C:\Users\Pichau\.m2\repository\io\netty\netty-transport-native-unix-common\4.1.113.Final\netty-transport-native-unix-common-4.1.113.Final.jar;C:\Users\Pichau\.m2\repository\io\netty\netty-codec-http\4.1.113.Final\netty-codec-http-4.1.113.Final.jar;C:\Users\Pichau\.m2\repository\io\netty\netty-common\4.1.113.Final\netty-common-4.1.113.Final.jar;C:\Users\Pichau\.m2\repository\io\netty\netty-buffer\4.1.113.Final\netty-buffer-4.1.113.Final.jar;C:\Users\Pichau\.m2\repository\io\netty\netty-transport\4.1.113.Final\netty-transport-4.1.113.Final.jar;C:\Users\Pichau\.m2\repository\io\netty\netty-codec\4.1.113.Final\netty-codec-4.1.113.Final.jar;C:\Users\Pichau\.m2\repository\io\projectreactor\reactor-core\3.6.9\reactor-core-3.6.9.jar;C:\Users\Pichau\.m2\repository\org\reactivestreams\reactive-streams\1.0.4\reactive-streams-1.0.4.jar;C:\Users\Pichau\.m2\repository\io\micronaut\serde\micronaut-serde-jackson\2.11.0\micronaut-serde-jackson-2.11.0.jar;C:\Users\Pichau\.m2\repository\io\micronaut\micronaut-inject\4.6.6\micronaut-inject-4.6.6.jar;C:\Users\Pichau\.m2\repository\jakarta\inject\jakarta.inject-api\2.0.1\jakarta.inject-api-2.0.1.jar;C:\Users\Pichau\.m2\repository\jakarta\annotation\jakarta.annotation-api\2.1.1\jakarta.annotation-api-2.1.1.jar;C:\Users\Pichau\.m2\repository\io\micronaut\micronaut-jackson-core\4.6.6\micronaut-jackson-core-4.6.6.jar;C:\Users\Pichau\.m2\repository\io\micronaut\micronaut-json-core\4.6.6\micronaut-json-core-4.6.6.jar;C:\Users\Pichau\.m2\repository\com\fasterxml\jackson\core\jackson-core\2.17.2\jackson-core-2.17.2.jar;C:\Users\Pichau\.m2\repository\com\fasterxml\jackson\core\jackson-annotations\2.17.2\jackson-annotations-2.17.2.jar;C:\Users\Pichau\.m2\repository\io\micronaut\micronaut-context\4.6.6\micronaut-context-4.6.6.jar;C:\Users\Pichau\.m2\repository\io\micronaut\micronaut-aop\4.6.6\micronaut-aop-4.6.6.jar;C:\Users\Pichau\.m2\repository\io\micronaut\serde\micronaut-serde-api\2.11.0\micronaut-serde-api-2.11.0.jar;C:\Users\Pichau\.m2\repository\io\micronaut\serde\micronaut-serde-support\2.11.0\micronaut-serde-support-2.11.0.jar;C:\Users\Pichau\.m2\repository\ch\qos\logback\logback-classic\1.5.7\logback-classic-1.5.7.jar;C:\Users\Pichau\.m2\repository\ch\qos\logback\logback-core\1.5.7\logback-core-1.5.7.jar;C:\Users\Pichau\.m2\repository\io\micronaut\micronaut-http-client\4.6.6\micronaut-http-client-4.6.6.jar;C:\Users\Pichau\.m2\repository\io\micronaut\micronaut-http-client-core\4.6.6\micronaut-http-client-core-4.6.6.jar;C:\Users\Pichau\.m2\repository\io\micronaut\micronaut-discovery-core\4.6.6\micronaut-discovery-core-4.6.6.jar;C:\Users\Pichau\.m2\repository\io\micronaut\micronaut-websocket\4.6.6\micronaut-websocket-4.6.6.jar;C:\Users\Pichau\.m2\repository\io\netty\netty-handler-proxy\4.1.113.Final\netty-handler-proxy-4.1.113.Final.jar;C:\Users\Pichau\.m2\repository\io\netty\netty-codec-socks\4.1.113.Final\netty-codec-socks-4.1.113.Final.jar;C:\Users\Pichau\.m2\repository\io\micronaut\test\micronaut-test-junit5\4.5.0\micronaut-test-junit5-4.5.0.jar;C:\Users\Pichau\.m2\repository\io\micronaut\test\micronaut-test-core\4.5.0\micronaut-test-core-4.5.0.jar;C:\Users\Pichau\.m2\repository\org\junit\jupiter\junit-jupiter-api\5.11.0\junit-jupiter-api-5.11.0.jar;C:\Users\Pichau\.m2\repository\org\opentest4j\opentest4j\1.3.0\opentest4j-1.3.0.jar;C:\Users\Pichau\.m2\repository\org\junit\platform\junit-platform-commons\1.11.0\junit-platform-commons-1.11.0.jar;C:\Users\Pichau\.m2\repository\org\apiguardian\apiguardian-api\1.1.2\apiguardian-api-1.1.2.jar;C:\Users\Pichau\.m2\repository\org\junit\jupiter\junit-jupiter-engine\5.11.0\junit-jupiter-engine-5.11.0.jar;C:\Users\Pichau\.m2\repository\org\junit\platform\junit-platform-engine\1.11.0\junit-platform-engine-1.11.0.jar;"/>
    <property name="sun.cpu.endian" value="little"/>
    <property name="user.home" value="C:\Users\Pichau"/>
    <property name="user.language" value="pt"/>
    <property name="java.specification.vendor" value="Oracle Corporation"/>
    <property name="io.netty.allocator.maxOrder" value="3"/>
    <property name="java.version.date" value="2024-01-16"/>
    <property name="java.home" value="C:\Program Files\Java\jdk-21"/>
    <property name="file.separator" value="\"/>
    <property name="basedir" value="C:\Users\Pichau\OneDrive\Área de Trabalho\Faculdade\Qbank"/>
    <property name="java.vm.compressedOopsMode" value="Zero based"/>
    <property name="line.separator" value="&#10;"/>
    <property name="java.vm.specification.vendor" value="Oracle Corporation"/>
    <property name="java.specification.name" value="Java Platform API Specification"/>
    <property name="surefire.real.class.path" value="C:\Users\Pichau\AppData\Local\Temp\surefire15013780512228889227\surefirebooter-20241108122817809_3.jar"/>
    <property name="user.script" value=""/>
    <property name="sun.management.compiler" value="HotSpot 64-Bit Tiered Compilers"/>
    <property name="java.runtime.version" value="21.0.2+13-LTS-58"/>
    <property name="user.name" value="Pichau"/>
    <property name="stdout.encoding" value="Cp1252"/>
    <property name="path.separator" value=";"/>
    <property name="os.version" value="10.0"/>
    <property name="java.runtime.name" value="Java(TM) SE Runtime Environment"/>
    <property name="file.encoding" value="UTF-8"/>
    <property name="java.vm.name" value="Java HotSpot(TM) 64-Bit Server VM"/>
    <property name="localRepository" value="C:\Users\Pichau\.m2\repository"/>
    <property name="micronaut.classloader.logging" value="true"/>
    <property name="java.vendor.url.bug" value="https://bugreport.java.com/bugreport/"/>
    <property name="java.io.tmpdir" value="C:\Users\Pichau\AppData\Local\Temp\"/>
    <property name="java.version" value="21.0.2"/>
    <property name="user.dir" value="C:\Users\Pichau\OneDrive\Área de Trabalho\Faculdade\Qbank"/>
    <property name="os.arch" value="amd64"/>
    <property name="java.vm.specification.name" value="Java Virtual Machine Specification"/>
    <property name="sun.os.patch.level" value=""/>
    <property name="native.encoding" value="Cp1252"/>
    <property name="java.library.path" value="C:\Program Files\Java\jdk-21\bin;C:\Windows\Sun\Java\bin;C:\Windows\system32;C:\Windows;C:\Program Files\Common Files\Oracle\Java\javapath;C:\Program Files (x86)\Common Files\Oracle\Java\javapath;C:\Python311\Scripts\;C:\Python311\;C:\Windows\system32;C:\Windows;C:\Windows\System32\Wbem;C:\Windows\System32\WindowsPowerShell\v1.0\;C:\Windows\System32\OpenSSH\;C:\Program Files (x86)\dotnet\;C:\ProgramData\chocolatey\bin;C:\ProgramData\UNIVALI\Portugol Studio;C:\Program Files\MySQL\MySQL Server 8.0\bin;C:\Program Files\dotnet\;C:\Program Files\nodejs\;C:\Program Files\Git\cmd;C:\Program Files\PostgreSQL\16\bin;C:\xampp\php\;C:\Users\Pichau\AppData\Local\Programs\Python\Python312\Scripts\;C:\Users\Pichau\AppData\Local\Programs\Python\Python312\;C:\Program Files\MySQL\MySQL Shell 8.0\bin\;C:\Users\Pichau\AppData\Local\Microsoft\WindowsApps;C:\Users\Pichau\AppData\Local\Programs\Microsoft VS Code\bin;C:\Users\Pichau\AppData\Local\GitHubDesktop\bin;C:\Users\Pichau\.dotnet\tools;C:\Users\Pichau\AppData\Roaming\npm;C:\apache-maven-3.9.9\bin;;."/>
    <property name="java.vm.info" value="mixed mode, sharing"/>
    <property name="stderr.encoding" value="Cp1252"/>
    <property name="java.vendor" value="Oracle Corporation"/>
    <property name="java.vm.version" value="21.0.2+13-LTS-58"/>
    <property name="sun.io.unicode.encoding" value="UnicodeLittle"/>
    <property name="java.class.version" value="65.0"/>
  </properties>
  <testcase name="testItWorks" classname="com.example.QbankTest" time="0.023">
    <system-out><![CDATA[&amp#27;[36m12:28:18.861&amp#27;[0;39m &amp#27;[1;30m[main]&amp#27;[0;39m &amp#27;[34mINFO &amp#27;[0;39m &amp#27;[35mi.m.c.DefaultApplicationContext$RuntimeConfiguredEnvironment&amp#27;[0;39m - Established active environments: [test]
]]></system-out>
  </testcase>
</testsuite>